   0  $accept : program $end

   1  program : decls
   2          |

   3  decls : decls decl
   4        | decl

   5  decl : var ';'
   6       | func

   7  var : type tIDENTIFIER
   8      | tPUBLIC type tIDENTIFIER
   9      | type tIDENTIFIER '=' expr
  10      | tPUBLIC type tIDENTIFIER '=' expr
  11      | tUSE type tIDENTIFIER

  12  func : type tIDENTIFIER '(' param ')'
  13       | tPUBLIC type tIDENTIFIER '(' param ')'
  14       | tUSE type tIDENTIFIER '(' param ')'
  15       | tPROCEDURE tIDENTIFIER '(' param ')'
  16       | tPUBLIC tPROCEDURE tIDENTIFIER '(' param ')'
  17       | tUSE tPROCEDURE tIDENTIFIER '(' param ')'
  18       | type tIDENTIFIER '(' param ')' block
  19       | type tIDENTIFIER '(' param ')' '=' literal block
  20       | tPROCEDURE tIDENTIFIER '(' param ')' block
  21       | tPUBLIC type tIDENTIFIER '(' param ')' block
  22       | tPUBLIC type tIDENTIFIER '(' param ')' '=' literal block
  23       | tPUBLIC tPROCEDURE tIDENTIFIER '(' param ')' block

  24  vars : vars var ';'
  25       | var ';'

  26  block : '{' vars insts '}'
  27        | '{' insts '}'
  28        | '{' vars '}'
  29        | '{' '}'

  30  insts : insts inst
  31        | inst

  32  inst : expr ';'
  33       | expr tPRINT
  34       | expr tPRINTLN
  35       | tWHILE '(' expr ')' inst
  36       | tIF '(' expr ')' inst
  37       | tIF '(' expr ')' inst elsif
  38       | block
  39       | sweep
  40       | tNEXT
  41       | tSTOP
  42       | tRETURN

  43  sweep : tSWEEP '+' '(' lval ':' expr ':' expr ')' inst
  44        | tSWEEP '+' '(' lval ':' expr ':' expr ':' expr ')' inst
  45        | tSWEEP '-' '(' lval ':' expr ':' expr ')' inst
  46        | tSWEEP '-' '(' lval ':' expr ':' expr ':' expr ')' inst

  47  elsif : tELSIF '(' expr ')' inst elsif
  48        | tELSIF '(' expr ')' inst
  49        | tELSE inst

  50  exprs : expr ',' exprs
  51        | expr

  52  expr : expr '+' expr
  53       | expr '-' expr
  54       | expr '*' expr
  55       | expr '/' expr
  56       | expr '%' expr
  57       | expr '<' expr
  58       | expr '>' expr
  59       | expr tGE expr
  60       | expr tLE expr
  61       | expr tNE expr
  62       | expr tEQ expr
  63       | '+' expr
  64       | '-' expr
  65       | '(' expr ')'
  66       | '[' expr ']'
  67       | lval '?'
  68       | '~' expr
  69       | expr '&' expr
  70       | expr '|' expr
  71       | lval '=' expr
  72       | tNULL
  73       | tREAD
  74       | lval
  75       | literal
  76       | funcall

  77  param : args
  78        |

  79  args : args ',' arg
  80       | arg

  81  arg : type tIDENTIFIER

  82  lval : tIDENTIFIER
  83       | expr '[' expr ']'

  84  type : '[' type ']'
  85       | tTINT
  86       | tTREAL
  87       | tTSTRING

  88  literal : tINTEGER
  89          | tREAL
  90          | strings

  91  strings : strings tSTRING
  92          | tSTRING

  93  funcall : tIDENTIFIER '(' exprs ')'
  94          | tIDENTIFIER '(' ')'

state 0
	$accept : . program $end  (0)
	program : .  (2)

	tPROCEDURE  shift 1
	tPUBLIC  shift 2
	tUSE  shift 3
	tTINT  shift 4
	tTREAL  shift 5
	tTSTRING  shift 6
	'['  shift 7
	$end  reduce 2

	program  goto 8
	func  goto 9
	decl  goto 10
	var  goto 11
	decls  goto 12
	type  goto 13


state 1
	func : tPROCEDURE . tIDENTIFIER '(' param ')'  (15)
	func : tPROCEDURE . tIDENTIFIER '(' param ')' block  (20)

	tIDENTIFIER  shift 14
	.  error


state 2
	var : tPUBLIC . type tIDENTIFIER  (8)
	var : tPUBLIC . type tIDENTIFIER '=' expr  (10)
	func : tPUBLIC . type tIDENTIFIER '(' param ')'  (13)
	func : tPUBLIC . tPROCEDURE tIDENTIFIER '(' param ')'  (16)
	func : tPUBLIC . type tIDENTIFIER '(' param ')' block  (21)
	func : tPUBLIC . type tIDENTIFIER '(' param ')' '=' literal block  (22)
	func : tPUBLIC . tPROCEDURE tIDENTIFIER '(' param ')' block  (23)

	tPROCEDURE  shift 15
	tTINT  shift 4
	tTREAL  shift 5
	tTSTRING  shift 6
	'['  shift 7
	.  error

	type  goto 16


state 3
	var : tUSE . type tIDENTIFIER  (11)
	func : tUSE . type tIDENTIFIER '(' param ')'  (14)
	func : tUSE . tPROCEDURE tIDENTIFIER '(' param ')'  (17)

	tPROCEDURE  shift 17
	tTINT  shift 4
	tTREAL  shift 5
	tTSTRING  shift 6
	'['  shift 7
	.  error

	type  goto 18


state 4
	type : tTINT .  (85)

	.  reduce 85


state 5
	type : tTREAL .  (86)

	.  reduce 86


state 6
	type : tTSTRING .  (87)

	.  reduce 87


state 7
	type : '[' . type ']'  (84)

	tTINT  shift 4
	tTREAL  shift 5
	tTSTRING  shift 6
	'['  shift 7
	.  error

	type  goto 19


state 8
	$accept : program . $end  (0)

	$end  accept


state 9
	decl : func .  (6)

	.  reduce 6


state 10
	decls : decl .  (4)

	.  reduce 4


state 11
	decl : var . ';'  (5)

	';'  shift 20
	.  error


state 12
	program : decls .  (1)
	decls : decls . decl  (3)

	tPROCEDURE  shift 1
	tPUBLIC  shift 2
	tUSE  shift 3
	tTINT  shift 4
	tTREAL  shift 5
	tTSTRING  shift 6
	'['  shift 7
	$end  reduce 1

	func  goto 9
	decl  goto 21
	var  goto 11
	type  goto 13


state 13
	var : type . tIDENTIFIER  (7)
	var : type . tIDENTIFIER '=' expr  (9)
	func : type . tIDENTIFIER '(' param ')'  (12)
	func : type . tIDENTIFIER '(' param ')' block  (18)
	func : type . tIDENTIFIER '(' param ')' '=' literal block  (19)

	tIDENTIFIER  shift 22
	.  error


state 14
	func : tPROCEDURE tIDENTIFIER . '(' param ')'  (15)
	func : tPROCEDURE tIDENTIFIER . '(' param ')' block  (20)

	'('  shift 23
	.  error


state 15
	func : tPUBLIC tPROCEDURE . tIDENTIFIER '(' param ')'  (16)
	func : tPUBLIC tPROCEDURE . tIDENTIFIER '(' param ')' block  (23)

	tIDENTIFIER  shift 24
	.  error


state 16
	var : tPUBLIC type . tIDENTIFIER  (8)
	var : tPUBLIC type . tIDENTIFIER '=' expr  (10)
	func : tPUBLIC type . tIDENTIFIER '(' param ')'  (13)
	func : tPUBLIC type . tIDENTIFIER '(' param ')' block  (21)
	func : tPUBLIC type . tIDENTIFIER '(' param ')' '=' literal block  (22)

	tIDENTIFIER  shift 25
	.  error


state 17
	func : tUSE tPROCEDURE . tIDENTIFIER '(' param ')'  (17)

	tIDENTIFIER  shift 26
	.  error


state 18
	var : tUSE type . tIDENTIFIER  (11)
	func : tUSE type . tIDENTIFIER '(' param ')'  (14)

	tIDENTIFIER  shift 27
	.  error


state 19
	type : '[' type . ']'  (84)

	']'  shift 28
	.  error


state 20
	decl : var ';' .  (5)

	.  reduce 5


state 21
	decls : decls decl .  (3)

	.  reduce 3


state 22
	var : type tIDENTIFIER .  (7)
	var : type tIDENTIFIER . '=' expr  (9)
	func : type tIDENTIFIER . '(' param ')'  (12)
	func : type tIDENTIFIER . '(' param ')' block  (18)
	func : type tIDENTIFIER . '(' param ')' '=' literal block  (19)

	'='  shift 29
	'('  shift 30
	';'  reduce 7


state 23
	func : tPROCEDURE tIDENTIFIER '(' . param ')'  (15)
	func : tPROCEDURE tIDENTIFIER '(' . param ')' block  (20)
	param : .  (78)

	tTINT  shift 4
	tTREAL  shift 5
	tTSTRING  shift 6
	'['  shift 7
	')'  reduce 78

	arg  goto 31
	args  goto 32
	param  goto 33
	type  goto 34


state 24
	func : tPUBLIC tPROCEDURE tIDENTIFIER . '(' param ')'  (16)
	func : tPUBLIC tPROCEDURE tIDENTIFIER . '(' param ')' block  (23)

	'('  shift 35
	.  error


state 25
	var : tPUBLIC type tIDENTIFIER .  (8)
	var : tPUBLIC type tIDENTIFIER . '=' expr  (10)
	func : tPUBLIC type tIDENTIFIER . '(' param ')'  (13)
	func : tPUBLIC type tIDENTIFIER . '(' param ')' block  (21)
	func : tPUBLIC type tIDENTIFIER . '(' param ')' '=' literal block  (22)

	'='  shift 36
	'('  shift 37
	';'  reduce 8


state 26
	func : tUSE tPROCEDURE tIDENTIFIER . '(' param ')'  (17)

	'('  shift 38
	.  error


state 27
	var : tUSE type tIDENTIFIER .  (11)
	func : tUSE type tIDENTIFIER . '(' param ')'  (14)

	'('  shift 39
	';'  reduce 11


state 28
	type : '[' type ']' .  (84)

	.  reduce 84


state 29
	var : type tIDENTIFIER '=' . expr  (9)

	tINTEGER  shift 40
	tIDENTIFIER  shift 41
	tSTRING  shift 42
	tREAL  shift 43
	tNULL  shift 44
	tREAD  shift 45
	'~'  shift 46
	'+'  shift 47
	'-'  shift 48
	'['  shift 49
	'('  shift 50
	.  error

	strings  goto 51
	expr  goto 52
	literal  goto 53
	funcall  goto 54
	lval  goto 55


state 30
	func : type tIDENTIFIER '(' . param ')'  (12)
	func : type tIDENTIFIER '(' . param ')' block  (18)
	func : type tIDENTIFIER '(' . param ')' '=' literal block  (19)
	param : .  (78)

	tTINT  shift 4
	tTREAL  shift 5
	tTSTRING  shift 6
	'['  shift 7
	')'  reduce 78

	arg  goto 31
	args  goto 32
	param  goto 56
	type  goto 34


state 31
	args : arg .  (80)

	.  reduce 80


state 32
	param : args .  (77)
	args : args . ',' arg  (79)

	','  shift 57
	')'  reduce 77


state 33
	func : tPROCEDURE tIDENTIFIER '(' param . ')'  (15)
	func : tPROCEDURE tIDENTIFIER '(' param . ')' block  (20)

	')'  shift 58
	.  error


state 34
	arg : type . tIDENTIFIER  (81)

	tIDENTIFIER  shift 59
	.  error


state 35
	func : tPUBLIC tPROCEDURE tIDENTIFIER '(' . param ')'  (16)
	func : tPUBLIC tPROCEDURE tIDENTIFIER '(' . param ')' block  (23)
	param : .  (78)

	tTINT  shift 4
	tTREAL  shift 5
	tTSTRING  shift 6
	'['  shift 7
	')'  reduce 78

	arg  goto 31
	args  goto 32
	param  goto 60
	type  goto 34


state 36
	var : tPUBLIC type tIDENTIFIER '=' . expr  (10)

	tINTEGER  shift 40
	tIDENTIFIER  shift 41
	tSTRING  shift 42
	tREAL  shift 43
	tNULL  shift 44
	tREAD  shift 45
	'~'  shift 46
	'+'  shift 47
	'-'  shift 48
	'['  shift 49
	'('  shift 50
	.  error

	strings  goto 51
	expr  goto 61
	literal  goto 53
	funcall  goto 54
	lval  goto 55


state 37
	func : tPUBLIC type tIDENTIFIER '(' . param ')'  (13)
	func : tPUBLIC type tIDENTIFIER '(' . param ')' block  (21)
	func : tPUBLIC type tIDENTIFIER '(' . param ')' '=' literal block  (22)
	param : .  (78)

	tTINT  shift 4
	tTREAL  shift 5
	tTSTRING  shift 6
	'['  shift 7
	')'  reduce 78

	arg  goto 31
	args  goto 32
	param  goto 62
	type  goto 34


state 38
	func : tUSE tPROCEDURE tIDENTIFIER '(' . param ')'  (17)
	param : .  (78)

	tTINT  shift 4
	tTREAL  shift 5
	tTSTRING  shift 6
	'['  shift 7
	')'  reduce 78

	arg  goto 31
	args  goto 32
	param  goto 63
	type  goto 34


state 39
	func : tUSE type tIDENTIFIER '(' . param ')'  (14)
	param : .  (78)

	tTINT  shift 4
	tTREAL  shift 5
	tTSTRING  shift 6
	'['  shift 7
	')'  reduce 78

	arg  goto 31
	args  goto 32
	param  goto 64
	type  goto 34


state 40
	literal : tINTEGER .  (88)

	.  reduce 88


state 41
	lval : tIDENTIFIER .  (82)
	funcall : tIDENTIFIER . '(' exprs ')'  (93)
	funcall : tIDENTIFIER . '(' ')'  (94)

	'('  shift 65
	tPRINTLN  reduce 82
	tPRINT  reduce 82
	'='  reduce 82
	'|'  reduce 82
	'&'  reduce 82
	tEQ  reduce 82
	tNE  reduce 82
	tGE  reduce 82
	tLE  reduce 82
	'>'  reduce 82
	'<'  reduce 82
	'+'  reduce 82
	'-'  reduce 82
	'*'  reduce 82
	'/'  reduce 82
	'%'  reduce 82
	'?'  reduce 82
	'['  reduce 82
	';'  reduce 82
	')'  reduce 82
	':'  reduce 82
	','  reduce 82
	']'  reduce 82


state 42
	strings : tSTRING .  (92)

	.  reduce 92


state 43
	literal : tREAL .  (89)

	.  reduce 89


state 44
	expr : tNULL .  (72)

	.  reduce 72


state 45
	expr : tREAD .  (73)

	.  reduce 73


state 46
	expr : '~' . expr  (68)

	tINTEGER  shift 40
	tIDENTIFIER  shift 41
	tSTRING  shift 42
	tREAL  shift 43
	tNULL  shift 44
	tREAD  shift 45
	'~'  shift 46
	'+'  shift 47
	'-'  shift 48
	'['  shift 49
	'('  shift 50
	.  error

	strings  goto 51
	expr  goto 66
	literal  goto 53
	funcall  goto 54
	lval  goto 55


state 47
	expr : '+' . expr  (63)

	tINTEGER  shift 40
	tIDENTIFIER  shift 41
	tSTRING  shift 42
	tREAL  shift 43
	tNULL  shift 44
	tREAD  shift 45
	'~'  shift 46
	'+'  shift 47
	'-'  shift 48
	'['  shift 49
	'('  shift 50
	.  error

	strings  goto 51
	expr  goto 67
	literal  goto 53
	funcall  goto 54
	lval  goto 55


state 48
	expr : '-' . expr  (64)

	tINTEGER  shift 40
	tIDENTIFIER  shift 41
	tSTRING  shift 42
	tREAL  shift 43
	tNULL  shift 44
	tREAD  shift 45
	'~'  shift 46
	'+'  shift 47
	'-'  shift 48
	'['  shift 49
	'('  shift 50
	.  error

	strings  goto 51
	expr  goto 68
	literal  goto 53
	funcall  goto 54
	lval  goto 55


state 49
	expr : '[' . expr ']'  (66)

	tINTEGER  shift 40
	tIDENTIFIER  shift 41
	tSTRING  shift 42
	tREAL  shift 43
	tNULL  shift 44
	tREAD  shift 45
	'~'  shift 46
	'+'  shift 47
	'-'  shift 48
	'['  shift 49
	'('  shift 50
	.  error

	strings  goto 51
	expr  goto 69
	literal  goto 53
	funcall  goto 54
	lval  goto 55


state 50
	expr : '(' . expr ')'  (65)

	tINTEGER  shift 40
	tIDENTIFIER  shift 41
	tSTRING  shift 42
	tREAL  shift 43
	tNULL  shift 44
	tREAD  shift 45
	'~'  shift 46
	'+'  shift 47
	'-'  shift 48
	'['  shift 49
	'('  shift 50
	.  error

	strings  goto 51
	expr  goto 70
	literal  goto 53
	funcall  goto 54
	lval  goto 55


state 51
	literal : strings .  (90)
	strings : strings . tSTRING  (91)

	tSTRING  shift 71
	tPRINTLN  reduce 90
	tPRINT  reduce 90
	'|'  reduce 90
	'&'  reduce 90
	tEQ  reduce 90
	tNE  reduce 90
	tGE  reduce 90
	tLE  reduce 90
	'>'  reduce 90
	'<'  reduce 90
	'+'  reduce 90
	'-'  reduce 90
	'*'  reduce 90
	'/'  reduce 90
	'%'  reduce 90
	'['  reduce 90
	';'  reduce 90
	')'  reduce 90
	'{'  reduce 90
	':'  reduce 90
	','  reduce 90
	']'  reduce 90


state 52
	var : type tIDENTIFIER '=' expr .  (9)
	expr : expr . '+' expr  (52)
	expr : expr . '-' expr  (53)
	expr : expr . '*' expr  (54)
	expr : expr . '/' expr  (55)
	expr : expr . '%' expr  (56)
	expr : expr . '<' expr  (57)
	expr : expr . '>' expr  (58)
	expr : expr . tGE expr  (59)
	expr : expr . tLE expr  (60)
	expr : expr . tNE expr  (61)
	expr : expr . tEQ expr  (62)
	expr : expr . '&' expr  (69)
	expr : expr . '|' expr  (70)
	lval : expr . '[' expr ']'  (83)

	'|'  shift 72
	'&'  shift 73
	tEQ  shift 74
	tNE  shift 75
	tGE  shift 76
	tLE  shift 77
	'>'  shift 78
	'<'  shift 79
	'+'  shift 80
	'-'  shift 81
	'*'  shift 82
	'/'  shift 83
	'%'  shift 84
	'['  shift 85
	';'  reduce 9


state 53
	expr : literal .  (75)

	.  reduce 75


state 54
	expr : funcall .  (76)

	.  reduce 76


state 55
	expr : lval . '?'  (67)
	expr : lval . '=' expr  (71)
	expr : lval .  (74)

	'='  shift 86
	'?'  shift 87
	tPRINTLN  reduce 74
	tPRINT  reduce 74
	'|'  reduce 74
	'&'  reduce 74
	tEQ  reduce 74
	tNE  reduce 74
	tGE  reduce 74
	tLE  reduce 74
	'>'  reduce 74
	'<'  reduce 74
	'+'  reduce 74
	'-'  reduce 74
	'*'  reduce 74
	'/'  reduce 74
	'%'  reduce 74
	'['  reduce 74
	';'  reduce 74
	')'  reduce 74
	':'  reduce 74
	','  reduce 74
	']'  reduce 74


state 56
	func : type tIDENTIFIER '(' param . ')'  (12)
	func : type tIDENTIFIER '(' param . ')' block  (18)
	func : type tIDENTIFIER '(' param . ')' '=' literal block  (19)

	')'  shift 88
	.  error


state 57
	args : args ',' . arg  (79)

	tTINT  shift 4
	tTREAL  shift 5
	tTSTRING  shift 6
	'['  shift 7
	.  error

	arg  goto 89
	type  goto 34


state 58
	func : tPROCEDURE tIDENTIFIER '(' param ')' .  (15)
	func : tPROCEDURE tIDENTIFIER '(' param ')' . block  (20)

	'{'  shift 90
	$end  reduce 15
	tPROCEDURE  reduce 15
	tPUBLIC  reduce 15
	tUSE  reduce 15
	tTINT  reduce 15
	tTREAL  reduce 15
	tTSTRING  reduce 15
	'['  reduce 15

	block  goto 91


state 59
	arg : type tIDENTIFIER .  (81)

	.  reduce 81


state 60
	func : tPUBLIC tPROCEDURE tIDENTIFIER '(' param . ')'  (16)
	func : tPUBLIC tPROCEDURE tIDENTIFIER '(' param . ')' block  (23)

	')'  shift 92
	.  error


state 61
	var : tPUBLIC type tIDENTIFIER '=' expr .  (10)
	expr : expr . '+' expr  (52)
	expr : expr . '-' expr  (53)
	expr : expr . '*' expr  (54)
	expr : expr . '/' expr  (55)
	expr : expr . '%' expr  (56)
	expr : expr . '<' expr  (57)
	expr : expr . '>' expr  (58)
	expr : expr . tGE expr  (59)
	expr : expr . tLE expr  (60)
	expr : expr . tNE expr  (61)
	expr : expr . tEQ expr  (62)
	expr : expr . '&' expr  (69)
	expr : expr . '|' expr  (70)
	lval : expr . '[' expr ']'  (83)

	'|'  shift 72
	'&'  shift 73
	tEQ  shift 74
	tNE  shift 75
	tGE  shift 76
	tLE  shift 77
	'>'  shift 78
	'<'  shift 79
	'+'  shift 80
	'-'  shift 81
	'*'  shift 82
	'/'  shift 83
	'%'  shift 84
	'['  shift 85
	';'  reduce 10


state 62
	func : tPUBLIC type tIDENTIFIER '(' param . ')'  (13)
	func : tPUBLIC type tIDENTIFIER '(' param . ')' block  (21)
	func : tPUBLIC type tIDENTIFIER '(' param . ')' '=' literal block  (22)

	')'  shift 93
	.  error


state 63
	func : tUSE tPROCEDURE tIDENTIFIER '(' param . ')'  (17)

	')'  shift 94
	.  error


state 64
	func : tUSE type tIDENTIFIER '(' param . ')'  (14)

	')'  shift 95
	.  error


state 65
	funcall : tIDENTIFIER '(' . exprs ')'  (93)
	funcall : tIDENTIFIER '(' . ')'  (94)

	tINTEGER  shift 40
	tIDENTIFIER  shift 41
	tSTRING  shift 42
	tREAL  shift 43
	tNULL  shift 44
	tREAD  shift 45
	'~'  shift 46
	'+'  shift 47
	'-'  shift 48
	'['  shift 49
	'('  shift 50
	')'  shift 96
	.  error

	strings  goto 51
	exprs  goto 97
	expr  goto 98
	literal  goto 53
	funcall  goto 54
	lval  goto 55


state 66
	expr : expr . '+' expr  (52)
	expr : expr . '-' expr  (53)
	expr : expr . '*' expr  (54)
	expr : expr . '/' expr  (55)
	expr : expr . '%' expr  (56)
	expr : expr . '<' expr  (57)
	expr : expr . '>' expr  (58)
	expr : expr . tGE expr  (59)
	expr : expr . tLE expr  (60)
	expr : expr . tNE expr  (61)
	expr : expr . tEQ expr  (62)
	expr : '~' expr .  (68)
	expr : expr . '&' expr  (69)
	expr : expr . '|' expr  (70)
	lval : expr . '[' expr ']'  (83)

	tEQ  shift 74
	tNE  shift 75
	tGE  shift 76
	tLE  shift 77
	'>'  shift 78
	'<'  shift 79
	'+'  shift 80
	'-'  shift 81
	'*'  shift 82
	'/'  shift 83
	'%'  shift 84
	'['  shift 85
	tPRINTLN  reduce 68
	tPRINT  reduce 68
	'|'  reduce 68
	'&'  reduce 68
	';'  reduce 68
	')'  reduce 68
	':'  reduce 68
	','  reduce 68
	']'  reduce 68


state 67
	expr : expr . '+' expr  (52)
	expr : expr . '-' expr  (53)
	expr : expr . '*' expr  (54)
	expr : expr . '/' expr  (55)
	expr : expr . '%' expr  (56)
	expr : expr . '<' expr  (57)
	expr : expr . '>' expr  (58)
	expr : expr . tGE expr  (59)
	expr : expr . tLE expr  (60)
	expr : expr . tNE expr  (61)
	expr : expr . tEQ expr  (62)
	expr : '+' expr .  (63)
	expr : expr . '&' expr  (69)
	expr : expr . '|' expr  (70)
	lval : expr . '[' expr ']'  (83)

	'['  shift 85
	tPRINTLN  reduce 63
	tPRINT  reduce 63
	'|'  reduce 63
	'&'  reduce 63
	tEQ  reduce 63
	tNE  reduce 63
	tGE  reduce 63
	tLE  reduce 63
	'>'  reduce 63
	'<'  reduce 63
	'+'  reduce 63
	'-'  reduce 63
	'*'  reduce 63
	'/'  reduce 63
	'%'  reduce 63
	';'  reduce 63
	')'  reduce 63
	':'  reduce 63
	','  reduce 63
	']'  reduce 63


state 68
	expr : expr . '+' expr  (52)
	expr : expr . '-' expr  (53)
	expr : expr . '*' expr  (54)
	expr : expr . '/' expr  (55)
	expr : expr . '%' expr  (56)
	expr : expr . '<' expr  (57)
	expr : expr . '>' expr  (58)
	expr : expr . tGE expr  (59)
	expr : expr . tLE expr  (60)
	expr : expr . tNE expr  (61)
	expr : expr . tEQ expr  (62)
	expr : '-' expr .  (64)
	expr : expr . '&' expr  (69)
	expr : expr . '|' expr  (70)
	lval : expr . '[' expr ']'  (83)

	'['  shift 85
	tPRINTLN  reduce 64
	tPRINT  reduce 64
	'|'  reduce 64
	'&'  reduce 64
	tEQ  reduce 64
	tNE  reduce 64
	tGE  reduce 64
	tLE  reduce 64
	'>'  reduce 64
	'<'  reduce 64
	'+'  reduce 64
	'-'  reduce 64
	'*'  reduce 64
	'/'  reduce 64
	'%'  reduce 64
	';'  reduce 64
	')'  reduce 64
	':'  reduce 64
	','  reduce 64
	']'  reduce 64


state 69
	expr : expr . '+' expr  (52)
	expr : expr . '-' expr  (53)
	expr : expr . '*' expr  (54)
	expr : expr . '/' expr  (55)
	expr : expr . '%' expr  (56)
	expr : expr . '<' expr  (57)
	expr : expr . '>' expr  (58)
	expr : expr . tGE expr  (59)
	expr : expr . tLE expr  (60)
	expr : expr . tNE expr  (61)
	expr : expr . tEQ expr  (62)
	expr : '[' expr . ']'  (66)
	expr : expr . '&' expr  (69)
	expr : expr . '|' expr  (70)
	lval : expr . '[' expr ']'  (83)

	'|'  shift 72
	'&'  shift 73
	tEQ  shift 74
	tNE  shift 75
	tGE  shift 76
	tLE  shift 77
	'>'  shift 78
	'<'  shift 79
	'+'  shift 80
	'-'  shift 81
	'*'  shift 82
	'/'  shift 83
	'%'  shift 84
	'['  shift 85
	']'  shift 99
	.  error


state 70
	expr : expr . '+' expr  (52)
	expr : expr . '-' expr  (53)
	expr : expr . '*' expr  (54)
	expr : expr . '/' expr  (55)
	expr : expr . '%' expr  (56)
	expr : expr . '<' expr  (57)
	expr : expr . '>' expr  (58)
	expr : expr . tGE expr  (59)
	expr : expr . tLE expr  (60)
	expr : expr . tNE expr  (61)
	expr : expr . tEQ expr  (62)
	expr : '(' expr . ')'  (65)
	expr : expr . '&' expr  (69)
	expr : expr . '|' expr  (70)
	lval : expr . '[' expr ']'  (83)

	'|'  shift 72
	'&'  shift 73
	tEQ  shift 74
	tNE  shift 75
	tGE  shift 76
	tLE  shift 77
	'>'  shift 78
	'<'  shift 79
	'+'  shift 80
	'-'  shift 81
	'*'  shift 82
	'/'  shift 83
	'%'  shift 84
	'['  shift 85
	')'  shift 100
	.  error


state 71
	strings : strings tSTRING .  (91)

	.  reduce 91


state 72
	expr : expr '|' . expr  (70)

	tINTEGER  shift 40
	tIDENTIFIER  shift 41
	tSTRING  shift 42
	tREAL  shift 43
	tNULL  shift 44
	tREAD  shift 45
	'~'  shift 46
	'+'  shift 47
	'-'  shift 48
	'['  shift 49
	'('  shift 50
	.  error

	strings  goto 51
	expr  goto 101
	literal  goto 53
	funcall  goto 54
	lval  goto 55


state 73
	expr : expr '&' . expr  (69)

	tINTEGER  shift 40
	tIDENTIFIER  shift 41
	tSTRING  shift 42
	tREAL  shift 43
	tNULL  shift 44
	tREAD  shift 45
	'~'  shift 46
	'+'  shift 47
	'-'  shift 48
	'['  shift 49
	'('  shift 50
	.  error

	strings  goto 51
	expr  goto 102
	literal  goto 53
	funcall  goto 54
	lval  goto 55


state 74
	expr : expr tEQ . expr  (62)

	tINTEGER  shift 40
	tIDENTIFIER  shift 41
	tSTRING  shift 42
	tREAL  shift 43
	tNULL  shift 44
	tREAD  shift 45
	'~'  shift 46
	'+'  shift 47
	'-'  shift 48
	'['  shift 49
	'('  shift 50
	.  error

	strings  goto 51
	expr  goto 103
	literal  goto 53
	funcall  goto 54
	lval  goto 55


state 75
	expr : expr tNE . expr  (61)

	tINTEGER  shift 40
	tIDENTIFIER  shift 41
	tSTRING  shift 42
	tREAL  shift 43
	tNULL  shift 44
	tREAD  shift 45
	'~'  shift 46
	'+'  shift 47
	'-'  shift 48
	'['  shift 49
	'('  shift 50
	.  error

	strings  goto 51
	expr  goto 104
	literal  goto 53
	funcall  goto 54
	lval  goto 55


state 76
	expr : expr tGE . expr  (59)

	tINTEGER  shift 40
	tIDENTIFIER  shift 41
	tSTRING  shift 42
	tREAL  shift 43
	tNULL  shift 44
	tREAD  shift 45
	'~'  shift 46
	'+'  shift 47
	'-'  shift 48
	'['  shift 49
	'('  shift 50
	.  error

	strings  goto 51
	expr  goto 105
	literal  goto 53
	funcall  goto 54
	lval  goto 55


state 77
	expr : expr tLE . expr  (60)

	tINTEGER  shift 40
	tIDENTIFIER  shift 41
	tSTRING  shift 42
	tREAL  shift 43
	tNULL  shift 44
	tREAD  shift 45
	'~'  shift 46
	'+'  shift 47
	'-'  shift 48
	'['  shift 49
	'('  shift 50
	.  error

	strings  goto 51
	expr  goto 106
	literal  goto 53
	funcall  goto 54
	lval  goto 55


state 78
	expr : expr '>' . expr  (58)

	tINTEGER  shift 40
	tIDENTIFIER  shift 41
	tSTRING  shift 42
	tREAL  shift 43
	tNULL  shift 44
	tREAD  shift 45
	'~'  shift 46
	'+'  shift 47
	'-'  shift 48
	'['  shift 49
	'('  shift 50
	.  error

	strings  goto 51
	expr  goto 107
	literal  goto 53
	funcall  goto 54
	lval  goto 55


state 79
	expr : expr '<' . expr  (57)

	tINTEGER  shift 40
	tIDENTIFIER  shift 41
	tSTRING  shift 42
	tREAL  shift 43
	tNULL  shift 44
	tREAD  shift 45
	'~'  shift 46
	'+'  shift 47
	'-'  shift 48
	'['  shift 49
	'('  shift 50
	.  error

	strings  goto 51
	expr  goto 108
	literal  goto 53
	funcall  goto 54
	lval  goto 55


state 80
	expr : expr '+' . expr  (52)

	tINTEGER  shift 40
	tIDENTIFIER  shift 41
	tSTRING  shift 42
	tREAL  shift 43
	tNULL  shift 44
	tREAD  shift 45
	'~'  shift 46
	'+'  shift 47
	'-'  shift 48
	'['  shift 49
	'('  shift 50
	.  error

	strings  goto 51
	expr  goto 109
	literal  goto 53
	funcall  goto 54
	lval  goto 55


state 81
	expr : expr '-' . expr  (53)

	tINTEGER  shift 40
	tIDENTIFIER  shift 41
	tSTRING  shift 42
	tREAL  shift 43
	tNULL  shift 44
	tREAD  shift 45
	'~'  shift 46
	'+'  shift 47
	'-'  shift 48
	'['  shift 49
	'('  shift 50
	.  error

	strings  goto 51
	expr  goto 110
	literal  goto 53
	funcall  goto 54
	lval  goto 55


state 82
	expr : expr '*' . expr  (54)

	tINTEGER  shift 40
	tIDENTIFIER  shift 41
	tSTRING  shift 42
	tREAL  shift 43
	tNULL  shift 44
	tREAD  shift 45
	'~'  shift 46
	'+'  shift 47
	'-'  shift 48
	'['  shift 49
	'('  shift 50
	.  error

	strings  goto 51
	expr  goto 111
	literal  goto 53
	funcall  goto 54
	lval  goto 55


state 83
	expr : expr '/' . expr  (55)

	tINTEGER  shift 40
	tIDENTIFIER  shift 41
	tSTRING  shift 42
	tREAL  shift 43
	tNULL  shift 44
	tREAD  shift 45
	'~'  shift 46
	'+'  shift 47
	'-'  shift 48
	'['  shift 49
	'('  shift 50
	.  error

	strings  goto 51
	expr  goto 112
	literal  goto 53
	funcall  goto 54
	lval  goto 55


state 84
	expr : expr '%' . expr  (56)

	tINTEGER  shift 40
	tIDENTIFIER  shift 41
	tSTRING  shift 42
	tREAL  shift 43
	tNULL  shift 44
	tREAD  shift 45
	'~'  shift 46
	'+'  shift 47
	'-'  shift 48
	'['  shift 49
	'('  shift 50
	.  error

	strings  goto 51
	expr  goto 113
	literal  goto 53
	funcall  goto 54
	lval  goto 55


state 85
	lval : expr '[' . expr ']'  (83)

	tINTEGER  shift 40
	tIDENTIFIER  shift 41
	tSTRING  shift 42
	tREAL  shift 43
	tNULL  shift 44
	tREAD  shift 45
	'~'  shift 46
	'+'  shift 47
	'-'  shift 48
	'['  shift 49
	'('  shift 50
	.  error

	strings  goto 51
	expr  goto 114
	literal  goto 53
	funcall  goto 54
	lval  goto 55


state 86
	expr : lval '=' . expr  (71)

	tINTEGER  shift 40
	tIDENTIFIER  shift 41
	tSTRING  shift 42
	tREAL  shift 43
	tNULL  shift 44
	tREAD  shift 45
	'~'  shift 46
	'+'  shift 47
	'-'  shift 48
	'['  shift 49
	'('  shift 50
	.  error

	strings  goto 51
	expr  goto 115
	literal  goto 53
	funcall  goto 54
	lval  goto 55


state 87
	expr : lval '?' .  (67)

	.  reduce 67


state 88
	func : type tIDENTIFIER '(' param ')' .  (12)
	func : type tIDENTIFIER '(' param ')' . block  (18)
	func : type tIDENTIFIER '(' param ')' . '=' literal block  (19)

	'='  shift 116
	'{'  shift 90
	$end  reduce 12
	tPROCEDURE  reduce 12
	tPUBLIC  reduce 12
	tUSE  reduce 12
	tTINT  reduce 12
	tTREAL  reduce 12
	tTSTRING  reduce 12
	'['  reduce 12

	block  goto 117


state 89
	args : args ',' arg .  (79)

	.  reduce 79


state 90
	block : '{' . vars insts '}'  (26)
	block : '{' . insts '}'  (27)
	block : '{' . vars '}'  (28)
	block : '{' . '}'  (29)

	tINTEGER  shift 40
	tIDENTIFIER  shift 41
	tSTRING  shift 42
	tREAL  shift 43
	tWHILE  shift 118
	tIF  shift 119
	tPUBLIC  shift 120
	tUSE  shift 121
	tSWEEP  shift 122
	tNEXT  shift 123
	tNULL  shift 44
	tSTOP  shift 124
	tRETURN  shift 125
	tREAD  shift 45
	tTINT  shift 4
	tTREAL  shift 5
	tTSTRING  shift 6
	'~'  shift 46
	'+'  shift 47
	'-'  shift 48
	'['  shift 126
	'('  shift 50
	'{'  shift 90
	'}'  shift 127
	.  error

	strings  goto 51
	var  goto 128
	inst  goto 129
	sweep  goto 130
	vars  goto 131
	insts  goto 132
	expr  goto 133
	literal  goto 53
	funcall  goto 54
	lval  goto 55
	type  goto 134
	block  goto 135


state 91
	func : tPROCEDURE tIDENTIFIER '(' param ')' block .  (20)

	.  reduce 20


state 92
	func : tPUBLIC tPROCEDURE tIDENTIFIER '(' param ')' .  (16)
	func : tPUBLIC tPROCEDURE tIDENTIFIER '(' param ')' . block  (23)

	'{'  shift 90
	$end  reduce 16
	tPROCEDURE  reduce 16
	tPUBLIC  reduce 16
	tUSE  reduce 16
	tTINT  reduce 16
	tTREAL  reduce 16
	tTSTRING  reduce 16
	'['  reduce 16

	block  goto 136


state 93
	func : tPUBLIC type tIDENTIFIER '(' param ')' .  (13)
	func : tPUBLIC type tIDENTIFIER '(' param ')' . block  (21)
	func : tPUBLIC type tIDENTIFIER '(' param ')' . '=' literal block  (22)

	'='  shift 137
	'{'  shift 90
	$end  reduce 13
	tPROCEDURE  reduce 13
	tPUBLIC  reduce 13
	tUSE  reduce 13
	tTINT  reduce 13
	tTREAL  reduce 13
	tTSTRING  reduce 13
	'['  reduce 13

	block  goto 138


state 94
	func : tUSE tPROCEDURE tIDENTIFIER '(' param ')' .  (17)

	.  reduce 17


state 95
	func : tUSE type tIDENTIFIER '(' param ')' .  (14)

	.  reduce 14


state 96
	funcall : tIDENTIFIER '(' ')' .  (94)

	.  reduce 94


state 97
	funcall : tIDENTIFIER '(' exprs . ')'  (93)

	')'  shift 139
	.  error


state 98
	exprs : expr . ',' exprs  (50)
	exprs : expr .  (51)
	expr : expr . '+' expr  (52)
	expr : expr . '-' expr  (53)
	expr : expr . '*' expr  (54)
	expr : expr . '/' expr  (55)
	expr : expr . '%' expr  (56)
	expr : expr . '<' expr  (57)
	expr : expr . '>' expr  (58)
	expr : expr . tGE expr  (59)
	expr : expr . tLE expr  (60)
	expr : expr . tNE expr  (61)
	expr : expr . tEQ expr  (62)
	expr : expr . '&' expr  (69)
	expr : expr . '|' expr  (70)
	lval : expr . '[' expr ']'  (83)

	'|'  shift 72
	'&'  shift 73
	tEQ  shift 74
	tNE  shift 75
	tGE  shift 76
	tLE  shift 77
	'>'  shift 78
	'<'  shift 79
	'+'  shift 80
	'-'  shift 81
	'*'  shift 82
	'/'  shift 83
	'%'  shift 84
	'['  shift 85
	','  shift 140
	')'  reduce 51


state 99
	expr : '[' expr ']' .  (66)

	.  reduce 66


state 100
	expr : '(' expr ')' .  (65)

	.  reduce 65


state 101
	expr : expr . '+' expr  (52)
	expr : expr . '-' expr  (53)
	expr : expr . '*' expr  (54)
	expr : expr . '/' expr  (55)
	expr : expr . '%' expr  (56)
	expr : expr . '<' expr  (57)
	expr : expr . '>' expr  (58)
	expr : expr . tGE expr  (59)
	expr : expr . tLE expr  (60)
	expr : expr . tNE expr  (61)
	expr : expr . tEQ expr  (62)
	expr : expr . '&' expr  (69)
	expr : expr . '|' expr  (70)
	expr : expr '|' expr .  (70)
	lval : expr . '[' expr ']'  (83)

	'&'  shift 73
	tEQ  shift 74
	tNE  shift 75
	tGE  shift 76
	tLE  shift 77
	'>'  shift 78
	'<'  shift 79
	'+'  shift 80
	'-'  shift 81
	'*'  shift 82
	'/'  shift 83
	'%'  shift 84
	'['  shift 85
	tPRINTLN  reduce 70
	tPRINT  reduce 70
	'|'  reduce 70
	';'  reduce 70
	')'  reduce 70
	':'  reduce 70
	','  reduce 70
	']'  reduce 70


state 102
	expr : expr . '+' expr  (52)
	expr : expr . '-' expr  (53)
	expr : expr . '*' expr  (54)
	expr : expr . '/' expr  (55)
	expr : expr . '%' expr  (56)
	expr : expr . '<' expr  (57)
	expr : expr . '>' expr  (58)
	expr : expr . tGE expr  (59)
	expr : expr . tLE expr  (60)
	expr : expr . tNE expr  (61)
	expr : expr . tEQ expr  (62)
	expr : expr . '&' expr  (69)
	expr : expr '&' expr .  (69)
	expr : expr . '|' expr  (70)
	lval : expr . '[' expr ']'  (83)

	tEQ  shift 74
	tNE  shift 75
	tGE  shift 76
	tLE  shift 77
	'>'  shift 78
	'<'  shift 79
	'+'  shift 80
	'-'  shift 81
	'*'  shift 82
	'/'  shift 83
	'%'  shift 84
	'['  shift 85
	tPRINTLN  reduce 69
	tPRINT  reduce 69
	'|'  reduce 69
	'&'  reduce 69
	';'  reduce 69
	')'  reduce 69
	':'  reduce 69
	','  reduce 69
	']'  reduce 69


state 103
	expr : expr . '+' expr  (52)
	expr : expr . '-' expr  (53)
	expr : expr . '*' expr  (54)
	expr : expr . '/' expr  (55)
	expr : expr . '%' expr  (56)
	expr : expr . '<' expr  (57)
	expr : expr . '>' expr  (58)
	expr : expr . tGE expr  (59)
	expr : expr . tLE expr  (60)
	expr : expr . tNE expr  (61)
	expr : expr . tEQ expr  (62)
	expr : expr tEQ expr .  (62)
	expr : expr . '&' expr  (69)
	expr : expr . '|' expr  (70)
	lval : expr . '[' expr ']'  (83)

	tGE  shift 76
	tLE  shift 77
	'>'  shift 78
	'<'  shift 79
	'+'  shift 80
	'-'  shift 81
	'*'  shift 82
	'/'  shift 83
	'%'  shift 84
	'['  shift 85
	tPRINTLN  reduce 62
	tPRINT  reduce 62
	'|'  reduce 62
	'&'  reduce 62
	tEQ  reduce 62
	tNE  reduce 62
	';'  reduce 62
	')'  reduce 62
	':'  reduce 62
	','  reduce 62
	']'  reduce 62


state 104
	expr : expr . '+' expr  (52)
	expr : expr . '-' expr  (53)
	expr : expr . '*' expr  (54)
	expr : expr . '/' expr  (55)
	expr : expr . '%' expr  (56)
	expr : expr . '<' expr  (57)
	expr : expr . '>' expr  (58)
	expr : expr . tGE expr  (59)
	expr : expr . tLE expr  (60)
	expr : expr . tNE expr  (61)
	expr : expr tNE expr .  (61)
	expr : expr . tEQ expr  (62)
	expr : expr . '&' expr  (69)
	expr : expr . '|' expr  (70)
	lval : expr . '[' expr ']'  (83)

	tGE  shift 76
	tLE  shift 77
	'>'  shift 78
	'<'  shift 79
	'+'  shift 80
	'-'  shift 81
	'*'  shift 82
	'/'  shift 83
	'%'  shift 84
	'['  shift 85
	tPRINTLN  reduce 61
	tPRINT  reduce 61
	'|'  reduce 61
	'&'  reduce 61
	tEQ  reduce 61
	tNE  reduce 61
	';'  reduce 61
	')'  reduce 61
	':'  reduce 61
	','  reduce 61
	']'  reduce 61


state 105
	expr : expr . '+' expr  (52)
	expr : expr . '-' expr  (53)
	expr : expr . '*' expr  (54)
	expr : expr . '/' expr  (55)
	expr : expr . '%' expr  (56)
	expr : expr . '<' expr  (57)
	expr : expr . '>' expr  (58)
	expr : expr . tGE expr  (59)
	expr : expr tGE expr .  (59)
	expr : expr . tLE expr  (60)
	expr : expr . tNE expr  (61)
	expr : expr . tEQ expr  (62)
	expr : expr . '&' expr  (69)
	expr : expr . '|' expr  (70)
	lval : expr . '[' expr ']'  (83)

	'+'  shift 80
	'-'  shift 81
	'*'  shift 82
	'/'  shift 83
	'%'  shift 84
	'['  shift 85
	tPRINTLN  reduce 59
	tPRINT  reduce 59
	'|'  reduce 59
	'&'  reduce 59
	tEQ  reduce 59
	tNE  reduce 59
	tGE  reduce 59
	tLE  reduce 59
	'>'  reduce 59
	'<'  reduce 59
	';'  reduce 59
	')'  reduce 59
	':'  reduce 59
	','  reduce 59
	']'  reduce 59


state 106
	expr : expr . '+' expr  (52)
	expr : expr . '-' expr  (53)
	expr : expr . '*' expr  (54)
	expr : expr . '/' expr  (55)
	expr : expr . '%' expr  (56)
	expr : expr . '<' expr  (57)
	expr : expr . '>' expr  (58)
	expr : expr . tGE expr  (59)
	expr : expr . tLE expr  (60)
	expr : expr tLE expr .  (60)
	expr : expr . tNE expr  (61)
	expr : expr . tEQ expr  (62)
	expr : expr . '&' expr  (69)
	expr : expr . '|' expr  (70)
	lval : expr . '[' expr ']'  (83)

	'+'  shift 80
	'-'  shift 81
	'*'  shift 82
	'/'  shift 83
	'%'  shift 84
	'['  shift 85
	tPRINTLN  reduce 60
	tPRINT  reduce 60
	'|'  reduce 60
	'&'  reduce 60
	tEQ  reduce 60
	tNE  reduce 60
	tGE  reduce 60
	tLE  reduce 60
	'>'  reduce 60
	'<'  reduce 60
	';'  reduce 60
	')'  reduce 60
	':'  reduce 60
	','  reduce 60
	']'  reduce 60


state 107
	expr : expr . '+' expr  (52)
	expr : expr . '-' expr  (53)
	expr : expr . '*' expr  (54)
	expr : expr . '/' expr  (55)
	expr : expr . '%' expr  (56)
	expr : expr . '<' expr  (57)
	expr : expr . '>' expr  (58)
	expr : expr '>' expr .  (58)
	expr : expr . tGE expr  (59)
	expr : expr . tLE expr  (60)
	expr : expr . tNE expr  (61)
	expr : expr . tEQ expr  (62)
	expr : expr . '&' expr  (69)
	expr : expr . '|' expr  (70)
	lval : expr . '[' expr ']'  (83)

	'+'  shift 80
	'-'  shift 81
	'*'  shift 82
	'/'  shift 83
	'%'  shift 84
	'['  shift 85
	tPRINTLN  reduce 58
	tPRINT  reduce 58
	'|'  reduce 58
	'&'  reduce 58
	tEQ  reduce 58
	tNE  reduce 58
	tGE  reduce 58
	tLE  reduce 58
	'>'  reduce 58
	'<'  reduce 58
	';'  reduce 58
	')'  reduce 58
	':'  reduce 58
	','  reduce 58
	']'  reduce 58


state 108
	expr : expr . '+' expr  (52)
	expr : expr . '-' expr  (53)
	expr : expr . '*' expr  (54)
	expr : expr . '/' expr  (55)
	expr : expr . '%' expr  (56)
	expr : expr . '<' expr  (57)
	expr : expr '<' expr .  (57)
	expr : expr . '>' expr  (58)
	expr : expr . tGE expr  (59)
	expr : expr . tLE expr  (60)
	expr : expr . tNE expr  (61)
	expr : expr . tEQ expr  (62)
	expr : expr . '&' expr  (69)
	expr : expr . '|' expr  (70)
	lval : expr . '[' expr ']'  (83)

	'+'  shift 80
	'-'  shift 81
	'*'  shift 82
	'/'  shift 83
	'%'  shift 84
	'['  shift 85
	tPRINTLN  reduce 57
	tPRINT  reduce 57
	'|'  reduce 57
	'&'  reduce 57
	tEQ  reduce 57
	tNE  reduce 57
	tGE  reduce 57
	tLE  reduce 57
	'>'  reduce 57
	'<'  reduce 57
	';'  reduce 57
	')'  reduce 57
	':'  reduce 57
	','  reduce 57
	']'  reduce 57


state 109
	expr : expr . '+' expr  (52)
	expr : expr '+' expr .  (52)
	expr : expr . '-' expr  (53)
	expr : expr . '*' expr  (54)
	expr : expr . '/' expr  (55)
	expr : expr . '%' expr  (56)
	expr : expr . '<' expr  (57)
	expr : expr . '>' expr  (58)
	expr : expr . tGE expr  (59)
	expr : expr . tLE expr  (60)
	expr : expr . tNE expr  (61)
	expr : expr . tEQ expr  (62)
	expr : expr . '&' expr  (69)
	expr : expr . '|' expr  (70)
	lval : expr . '[' expr ']'  (83)

	'*'  shift 82
	'/'  shift 83
	'%'  shift 84
	'['  shift 85
	tPRINTLN  reduce 52
	tPRINT  reduce 52
	'|'  reduce 52
	'&'  reduce 52
	tEQ  reduce 52
	tNE  reduce 52
	tGE  reduce 52
	tLE  reduce 52
	'>'  reduce 52
	'<'  reduce 52
	'+'  reduce 52
	'-'  reduce 52
	';'  reduce 52
	')'  reduce 52
	':'  reduce 52
	','  reduce 52
	']'  reduce 52


state 110
	expr : expr . '+' expr  (52)
	expr : expr . '-' expr  (53)
	expr : expr '-' expr .  (53)
	expr : expr . '*' expr  (54)
	expr : expr . '/' expr  (55)
	expr : expr . '%' expr  (56)
	expr : expr . '<' expr  (57)
	expr : expr . '>' expr  (58)
	expr : expr . tGE expr  (59)
	expr : expr . tLE expr  (60)
	expr : expr . tNE expr  (61)
	expr : expr . tEQ expr  (62)
	expr : expr . '&' expr  (69)
	expr : expr . '|' expr  (70)
	lval : expr . '[' expr ']'  (83)

	'*'  shift 82
	'/'  shift 83
	'%'  shift 84
	'['  shift 85
	tPRINTLN  reduce 53
	tPRINT  reduce 53
	'|'  reduce 53
	'&'  reduce 53
	tEQ  reduce 53
	tNE  reduce 53
	tGE  reduce 53
	tLE  reduce 53
	'>'  reduce 53
	'<'  reduce 53
	'+'  reduce 53
	'-'  reduce 53
	';'  reduce 53
	')'  reduce 53
	':'  reduce 53
	','  reduce 53
	']'  reduce 53


state 111
	expr : expr . '+' expr  (52)
	expr : expr . '-' expr  (53)
	expr : expr . '*' expr  (54)
	expr : expr '*' expr .  (54)
	expr : expr . '/' expr  (55)
	expr : expr . '%' expr  (56)
	expr : expr . '<' expr  (57)
	expr : expr . '>' expr  (58)
	expr : expr . tGE expr  (59)
	expr : expr . tLE expr  (60)
	expr : expr . tNE expr  (61)
	expr : expr . tEQ expr  (62)
	expr : expr . '&' expr  (69)
	expr : expr . '|' expr  (70)
	lval : expr . '[' expr ']'  (83)

	'['  shift 85
	tPRINTLN  reduce 54
	tPRINT  reduce 54
	'|'  reduce 54
	'&'  reduce 54
	tEQ  reduce 54
	tNE  reduce 54
	tGE  reduce 54
	tLE  reduce 54
	'>'  reduce 54
	'<'  reduce 54
	'+'  reduce 54
	'-'  reduce 54
	'*'  reduce 54
	'/'  reduce 54
	'%'  reduce 54
	';'  reduce 54
	')'  reduce 54
	':'  reduce 54
	','  reduce 54
	']'  reduce 54


state 112
	expr : expr . '+' expr  (52)
	expr : expr . '-' expr  (53)
	expr : expr . '*' expr  (54)
	expr : expr . '/' expr  (55)
	expr : expr '/' expr .  (55)
	expr : expr . '%' expr  (56)
	expr : expr . '<' expr  (57)
	expr : expr . '>' expr  (58)
	expr : expr . tGE expr  (59)
	expr : expr . tLE expr  (60)
	expr : expr . tNE expr  (61)
	expr : expr . tEQ expr  (62)
	expr : expr . '&' expr  (69)
	expr : expr . '|' expr  (70)
	lval : expr . '[' expr ']'  (83)

	'['  shift 85
	tPRINTLN  reduce 55
	tPRINT  reduce 55
	'|'  reduce 55
	'&'  reduce 55
	tEQ  reduce 55
	tNE  reduce 55
	tGE  reduce 55
	tLE  reduce 55
	'>'  reduce 55
	'<'  reduce 55
	'+'  reduce 55
	'-'  reduce 55
	'*'  reduce 55
	'/'  reduce 55
	'%'  reduce 55
	';'  reduce 55
	')'  reduce 55
	':'  reduce 55
	','  reduce 55
	']'  reduce 55


state 113
	expr : expr . '+' expr  (52)
	expr : expr . '-' expr  (53)
	expr : expr . '*' expr  (54)
	expr : expr . '/' expr  (55)
	expr : expr . '%' expr  (56)
	expr : expr '%' expr .  (56)
	expr : expr . '<' expr  (57)
	expr : expr . '>' expr  (58)
	expr : expr . tGE expr  (59)
	expr : expr . tLE expr  (60)
	expr : expr . tNE expr  (61)
	expr : expr . tEQ expr  (62)
	expr : expr . '&' expr  (69)
	expr : expr . '|' expr  (70)
	lval : expr . '[' expr ']'  (83)

	'['  shift 85
	tPRINTLN  reduce 56
	tPRINT  reduce 56
	'|'  reduce 56
	'&'  reduce 56
	tEQ  reduce 56
	tNE  reduce 56
	tGE  reduce 56
	tLE  reduce 56
	'>'  reduce 56
	'<'  reduce 56
	'+'  reduce 56
	'-'  reduce 56
	'*'  reduce 56
	'/'  reduce 56
	'%'  reduce 56
	';'  reduce 56
	')'  reduce 56
	':'  reduce 56
	','  reduce 56
	']'  reduce 56


state 114
	expr : expr . '+' expr  (52)
	expr : expr . '-' expr  (53)
	expr : expr . '*' expr  (54)
	expr : expr . '/' expr  (55)
	expr : expr . '%' expr  (56)
	expr : expr . '<' expr  (57)
	expr : expr . '>' expr  (58)
	expr : expr . tGE expr  (59)
	expr : expr . tLE expr  (60)
	expr : expr . tNE expr  (61)
	expr : expr . tEQ expr  (62)
	expr : expr . '&' expr  (69)
	expr : expr . '|' expr  (70)
	lval : expr . '[' expr ']'  (83)
	lval : expr '[' expr . ']'  (83)

	'|'  shift 72
	'&'  shift 73
	tEQ  shift 74
	tNE  shift 75
	tGE  shift 76
	tLE  shift 77
	'>'  shift 78
	'<'  shift 79
	'+'  shift 80
	'-'  shift 81
	'*'  shift 82
	'/'  shift 83
	'%'  shift 84
	'['  shift 85
	']'  shift 141
	.  error


state 115
	expr : expr . '+' expr  (52)
	expr : expr . '-' expr  (53)
	expr : expr . '*' expr  (54)
	expr : expr . '/' expr  (55)
	expr : expr . '%' expr  (56)
	expr : expr . '<' expr  (57)
	expr : expr . '>' expr  (58)
	expr : expr . tGE expr  (59)
	expr : expr . tLE expr  (60)
	expr : expr . tNE expr  (61)
	expr : expr . tEQ expr  (62)
	expr : expr . '&' expr  (69)
	expr : expr . '|' expr  (70)
	expr : lval '=' expr .  (71)
	lval : expr . '[' expr ']'  (83)

	'|'  shift 72
	'&'  shift 73
	tEQ  shift 74
	tNE  shift 75
	tGE  shift 76
	tLE  shift 77
	'>'  shift 78
	'<'  shift 79
	'+'  shift 80
	'-'  shift 81
	'*'  shift 82
	'/'  shift 83
	'%'  shift 84
	'['  shift 85
	tPRINTLN  reduce 71
	tPRINT  reduce 71
	';'  reduce 71
	')'  reduce 71
	':'  reduce 71
	','  reduce 71
	']'  reduce 71


state 116
	func : type tIDENTIFIER '(' param ')' '=' . literal block  (19)

	tINTEGER  shift 40
	tSTRING  shift 42
	tREAL  shift 43
	.  error

	strings  goto 51
	literal  goto 142


state 117
	func : type tIDENTIFIER '(' param ')' block .  (18)

	.  reduce 18


state 118
	inst : tWHILE . '(' expr ')' inst  (35)

	'('  shift 143
	.  error


state 119
	inst : tIF . '(' expr ')' inst  (36)
	inst : tIF . '(' expr ')' inst elsif  (37)

	'('  shift 144
	.  error


state 120
	var : tPUBLIC . type tIDENTIFIER  (8)
	var : tPUBLIC . type tIDENTIFIER '=' expr  (10)

	tTINT  shift 4
	tTREAL  shift 5
	tTSTRING  shift 6
	'['  shift 7
	.  error

	type  goto 145


state 121
	var : tUSE . type tIDENTIFIER  (11)

	tTINT  shift 4
	tTREAL  shift 5
	tTSTRING  shift 6
	'['  shift 7
	.  error

	type  goto 146


state 122
	sweep : tSWEEP . '+' '(' lval ':' expr ':' expr ')' inst  (43)
	sweep : tSWEEP . '+' '(' lval ':' expr ':' expr ':' expr ')' inst  (44)
	sweep : tSWEEP . '-' '(' lval ':' expr ':' expr ')' inst  (45)
	sweep : tSWEEP . '-' '(' lval ':' expr ':' expr ':' expr ')' inst  (46)

	'+'  shift 147
	'-'  shift 148
	.  error


state 123
	inst : tNEXT .  (40)

	.  reduce 40


state 124
	inst : tSTOP .  (41)

	.  reduce 41


state 125
	inst : tRETURN .  (42)

	.  reduce 42


state 126
	expr : '[' . expr ']'  (66)
	type : '[' . type ']'  (84)

	tINTEGER  shift 40
	tIDENTIFIER  shift 41
	tSTRING  shift 42
	tREAL  shift 43
	tNULL  shift 44
	tREAD  shift 45
	tTINT  shift 4
	tTREAL  shift 5
	tTSTRING  shift 6
	'~'  shift 46
	'+'  shift 47
	'-'  shift 48
	'['  shift 126
	'('  shift 50
	.  error

	strings  goto 51
	expr  goto 69
	literal  goto 53
	funcall  goto 54
	lval  goto 55
	type  goto 19


state 127
	block : '{' '}' .  (29)

	.  reduce 29


state 128
	vars : var . ';'  (25)

	';'  shift 149
	.  error


state 129
	insts : inst .  (31)

	.  reduce 31


state 130
	inst : sweep .  (39)

	.  reduce 39


state 131
	vars : vars . var ';'  (24)
	block : '{' vars . insts '}'  (26)
	block : '{' vars . '}'  (28)

	tINTEGER  shift 40
	tIDENTIFIER  shift 41
	tSTRING  shift 42
	tREAL  shift 43
	tWHILE  shift 118
	tIF  shift 119
	tPUBLIC  shift 120
	tUSE  shift 121
	tSWEEP  shift 122
	tNEXT  shift 123
	tNULL  shift 44
	tSTOP  shift 124
	tRETURN  shift 125
	tREAD  shift 45
	tTINT  shift 4
	tTREAL  shift 5
	tTSTRING  shift 6
	'~'  shift 46
	'+'  shift 47
	'-'  shift 48
	'['  shift 126
	'('  shift 50
	'{'  shift 90
	'}'  shift 150
	.  error

	strings  goto 51
	var  goto 151
	inst  goto 129
	sweep  goto 130
	insts  goto 152
	expr  goto 133
	literal  goto 53
	funcall  goto 54
	lval  goto 55
	type  goto 134
	block  goto 135


state 132
	block : '{' insts . '}'  (27)
	insts : insts . inst  (30)

	tINTEGER  shift 40
	tIDENTIFIER  shift 41
	tSTRING  shift 42
	tREAL  shift 43
	tWHILE  shift 118
	tIF  shift 119
	tSWEEP  shift 122
	tNEXT  shift 123
	tNULL  shift 44
	tSTOP  shift 124
	tRETURN  shift 125
	tREAD  shift 45
	'~'  shift 46
	'+'  shift 47
	'-'  shift 48
	'['  shift 49
	'('  shift 50
	'{'  shift 90
	'}'  shift 153
	.  error

	strings  goto 51
	inst  goto 154
	sweep  goto 130
	expr  goto 133
	literal  goto 53
	funcall  goto 54
	lval  goto 55
	block  goto 135


state 133
	inst : expr . ';'  (32)
	inst : expr . tPRINT  (33)
	inst : expr . tPRINTLN  (34)
	expr : expr . '+' expr  (52)
	expr : expr . '-' expr  (53)
	expr : expr . '*' expr  (54)
	expr : expr . '/' expr  (55)
	expr : expr . '%' expr  (56)
	expr : expr . '<' expr  (57)
	expr : expr . '>' expr  (58)
	expr : expr . tGE expr  (59)
	expr : expr . tLE expr  (60)
	expr : expr . tNE expr  (61)
	expr : expr . tEQ expr  (62)
	expr : expr . '&' expr  (69)
	expr : expr . '|' expr  (70)
	lval : expr . '[' expr ']'  (83)

	tPRINTLN  shift 155
	tPRINT  shift 156
	'|'  shift 72
	'&'  shift 73
	tEQ  shift 74
	tNE  shift 75
	tGE  shift 76
	tLE  shift 77
	'>'  shift 78
	'<'  shift 79
	'+'  shift 80
	'-'  shift 81
	'*'  shift 82
	'/'  shift 83
	'%'  shift 84
	'['  shift 85
	';'  shift 157
	.  error


state 134
	var : type . tIDENTIFIER  (7)
	var : type . tIDENTIFIER '=' expr  (9)

	tIDENTIFIER  shift 158
	.  error


state 135
	inst : block .  (38)

	.  reduce 38


state 136
	func : tPUBLIC tPROCEDURE tIDENTIFIER '(' param ')' block .  (23)

	.  reduce 23


state 137
	func : tPUBLIC type tIDENTIFIER '(' param ')' '=' . literal block  (22)

	tINTEGER  shift 40
	tSTRING  shift 42
	tREAL  shift 43
	.  error

	strings  goto 51
	literal  goto 159


state 138
	func : tPUBLIC type tIDENTIFIER '(' param ')' block .  (21)

	.  reduce 21


state 139
	funcall : tIDENTIFIER '(' exprs ')' .  (93)

	.  reduce 93


state 140
	exprs : expr ',' . exprs  (50)

	tINTEGER  shift 40
	tIDENTIFIER  shift 41
	tSTRING  shift 42
	tREAL  shift 43
	tNULL  shift 44
	tREAD  shift 45
	'~'  shift 46
	'+'  shift 47
	'-'  shift 48
	'['  shift 49
	'('  shift 50
	.  error

	strings  goto 51
	exprs  goto 160
	expr  goto 98
	literal  goto 53
	funcall  goto 54
	lval  goto 55


state 141
	lval : expr '[' expr ']' .  (83)

	.  reduce 83


state 142
	func : type tIDENTIFIER '(' param ')' '=' literal . block  (19)

	'{'  shift 90
	.  error

	block  goto 161


state 143
	inst : tWHILE '(' . expr ')' inst  (35)

	tINTEGER  shift 40
	tIDENTIFIER  shift 41
	tSTRING  shift 42
	tREAL  shift 43
	tNULL  shift 44
	tREAD  shift 45
	'~'  shift 46
	'+'  shift 47
	'-'  shift 48
	'['  shift 49
	'('  shift 50
	.  error

	strings  goto 51
	expr  goto 162
	literal  goto 53
	funcall  goto 54
	lval  goto 55


state 144
	inst : tIF '(' . expr ')' inst  (36)
	inst : tIF '(' . expr ')' inst elsif  (37)

	tINTEGER  shift 40
	tIDENTIFIER  shift 41
	tSTRING  shift 42
	tREAL  shift 43
	tNULL  shift 44
	tREAD  shift 45
	'~'  shift 46
	'+'  shift 47
	'-'  shift 48
	'['  shift 49
	'('  shift 50
	.  error

	strings  goto 51
	expr  goto 163
	literal  goto 53
	funcall  goto 54
	lval  goto 55


state 145
	var : tPUBLIC type . tIDENTIFIER  (8)
	var : tPUBLIC type . tIDENTIFIER '=' expr  (10)

	tIDENTIFIER  shift 164
	.  error


state 146
	var : tUSE type . tIDENTIFIER  (11)

	tIDENTIFIER  shift 165
	.  error


state 147
	sweep : tSWEEP '+' . '(' lval ':' expr ':' expr ')' inst  (43)
	sweep : tSWEEP '+' . '(' lval ':' expr ':' expr ':' expr ')' inst  (44)

	'('  shift 166
	.  error


state 148
	sweep : tSWEEP '-' . '(' lval ':' expr ':' expr ')' inst  (45)
	sweep : tSWEEP '-' . '(' lval ':' expr ':' expr ':' expr ')' inst  (46)

	'('  shift 167
	.  error


state 149
	vars : var ';' .  (25)

	.  reduce 25


state 150
	block : '{' vars '}' .  (28)

	.  reduce 28


state 151
	vars : vars var . ';'  (24)

	';'  shift 168
	.  error


state 152
	block : '{' vars insts . '}'  (26)
	insts : insts . inst  (30)

	tINTEGER  shift 40
	tIDENTIFIER  shift 41
	tSTRING  shift 42
	tREAL  shift 43
	tWHILE  shift 118
	tIF  shift 119
	tSWEEP  shift 122
	tNEXT  shift 123
	tNULL  shift 44
	tSTOP  shift 124
	tRETURN  shift 125
	tREAD  shift 45
	'~'  shift 46
	'+'  shift 47
	'-'  shift 48
	'['  shift 49
	'('  shift 50
	'{'  shift 90
	'}'  shift 169
	.  error

	strings  goto 51
	inst  goto 154
	sweep  goto 130
	expr  goto 133
	literal  goto 53
	funcall  goto 54
	lval  goto 55
	block  goto 135


state 153
	block : '{' insts '}' .  (27)

	.  reduce 27


state 154
	insts : insts inst .  (30)

	.  reduce 30


state 155
	inst : expr tPRINTLN .  (34)

	.  reduce 34


state 156
	inst : expr tPRINT .  (33)

	.  reduce 33


state 157
	inst : expr ';' .  (32)

	.  reduce 32


state 158
	var : type tIDENTIFIER .  (7)
	var : type tIDENTIFIER . '=' expr  (9)

	'='  shift 29
	';'  reduce 7


state 159
	func : tPUBLIC type tIDENTIFIER '(' param ')' '=' literal . block  (22)

	'{'  shift 90
	.  error

	block  goto 170


state 160
	exprs : expr ',' exprs .  (50)

	.  reduce 50


state 161
	func : type tIDENTIFIER '(' param ')' '=' literal block .  (19)

	.  reduce 19


state 162
	inst : tWHILE '(' expr . ')' inst  (35)
	expr : expr . '+' expr  (52)
	expr : expr . '-' expr  (53)
	expr : expr . '*' expr  (54)
	expr : expr . '/' expr  (55)
	expr : expr . '%' expr  (56)
	expr : expr . '<' expr  (57)
	expr : expr . '>' expr  (58)
	expr : expr . tGE expr  (59)
	expr : expr . tLE expr  (60)
	expr : expr . tNE expr  (61)
	expr : expr . tEQ expr  (62)
	expr : expr . '&' expr  (69)
	expr : expr . '|' expr  (70)
	lval : expr . '[' expr ']'  (83)

	'|'  shift 72
	'&'  shift 73
	tEQ  shift 74
	tNE  shift 75
	tGE  shift 76
	tLE  shift 77
	'>'  shift 78
	'<'  shift 79
	'+'  shift 80
	'-'  shift 81
	'*'  shift 82
	'/'  shift 83
	'%'  shift 84
	'['  shift 85
	')'  shift 171
	.  error


state 163
	inst : tIF '(' expr . ')' inst  (36)
	inst : tIF '(' expr . ')' inst elsif  (37)
	expr : expr . '+' expr  (52)
	expr : expr . '-' expr  (53)
	expr : expr . '*' expr  (54)
	expr : expr . '/' expr  (55)
	expr : expr . '%' expr  (56)
	expr : expr . '<' expr  (57)
	expr : expr . '>' expr  (58)
	expr : expr . tGE expr  (59)
	expr : expr . tLE expr  (60)
	expr : expr . tNE expr  (61)
	expr : expr . tEQ expr  (62)
	expr : expr . '&' expr  (69)
	expr : expr . '|' expr  (70)
	lval : expr . '[' expr ']'  (83)

	'|'  shift 72
	'&'  shift 73
	tEQ  shift 74
	tNE  shift 75
	tGE  shift 76
	tLE  shift 77
	'>'  shift 78
	'<'  shift 79
	'+'  shift 80
	'-'  shift 81
	'*'  shift 82
	'/'  shift 83
	'%'  shift 84
	'['  shift 85
	')'  shift 172
	.  error


state 164
	var : tPUBLIC type tIDENTIFIER .  (8)
	var : tPUBLIC type tIDENTIFIER . '=' expr  (10)

	'='  shift 36
	';'  reduce 8


state 165
	var : tUSE type tIDENTIFIER .  (11)

	.  reduce 11


state 166
	sweep : tSWEEP '+' '(' . lval ':' expr ':' expr ')' inst  (43)
	sweep : tSWEEP '+' '(' . lval ':' expr ':' expr ':' expr ')' inst  (44)

	tINTEGER  shift 40
	tIDENTIFIER  shift 41
	tSTRING  shift 42
	tREAL  shift 43
	tNULL  shift 44
	tREAD  shift 45
	'~'  shift 46
	'+'  shift 47
	'-'  shift 48
	'['  shift 49
	'('  shift 50
	.  error

	strings  goto 51
	expr  goto 173
	literal  goto 53
	funcall  goto 54
	lval  goto 174


state 167
	sweep : tSWEEP '-' '(' . lval ':' expr ':' expr ')' inst  (45)
	sweep : tSWEEP '-' '(' . lval ':' expr ':' expr ':' expr ')' inst  (46)

	tINTEGER  shift 40
	tIDENTIFIER  shift 41
	tSTRING  shift 42
	tREAL  shift 43
	tNULL  shift 44
	tREAD  shift 45
	'~'  shift 46
	'+'  shift 47
	'-'  shift 48
	'['  shift 49
	'('  shift 50
	.  error

	strings  goto 51
	expr  goto 173
	literal  goto 53
	funcall  goto 54
	lval  goto 175


state 168
	vars : vars var ';' .  (24)

	.  reduce 24


state 169
	block : '{' vars insts '}' .  (26)

	.  reduce 26


state 170
	func : tPUBLIC type tIDENTIFIER '(' param ')' '=' literal block .  (22)

	.  reduce 22


state 171
	inst : tWHILE '(' expr ')' . inst  (35)

	tINTEGER  shift 40
	tIDENTIFIER  shift 41
	tSTRING  shift 42
	tREAL  shift 43
	tWHILE  shift 118
	tIF  shift 119
	tSWEEP  shift 122
	tNEXT  shift 123
	tNULL  shift 44
	tSTOP  shift 124
	tRETURN  shift 125
	tREAD  shift 45
	'~'  shift 46
	'+'  shift 47
	'-'  shift 48
	'['  shift 49
	'('  shift 50
	'{'  shift 90
	.  error

	strings  goto 51
	inst  goto 176
	sweep  goto 130
	expr  goto 133
	literal  goto 53
	funcall  goto 54
	lval  goto 55
	block  goto 135


state 172
	inst : tIF '(' expr ')' . inst  (36)
	inst : tIF '(' expr ')' . inst elsif  (37)

	tINTEGER  shift 40
	tIDENTIFIER  shift 41
	tSTRING  shift 42
	tREAL  shift 43
	tWHILE  shift 118
	tIF  shift 119
	tSWEEP  shift 122
	tNEXT  shift 123
	tNULL  shift 44
	tSTOP  shift 124
	tRETURN  shift 125
	tREAD  shift 45
	'~'  shift 46
	'+'  shift 47
	'-'  shift 48
	'['  shift 49
	'('  shift 50
	'{'  shift 90
	.  error

	strings  goto 51
	inst  goto 177
	sweep  goto 130
	expr  goto 133
	literal  goto 53
	funcall  goto 54
	lval  goto 55
	block  goto 135


state 173
	expr : expr . '+' expr  (52)
	expr : expr . '-' expr  (53)
	expr : expr . '*' expr  (54)
	expr : expr . '/' expr  (55)
	expr : expr . '%' expr  (56)
	expr : expr . '<' expr  (57)
	expr : expr . '>' expr  (58)
	expr : expr . tGE expr  (59)
	expr : expr . tLE expr  (60)
	expr : expr . tNE expr  (61)
	expr : expr . tEQ expr  (62)
	expr : expr . '&' expr  (69)
	expr : expr . '|' expr  (70)
	lval : expr . '[' expr ']'  (83)

	'|'  shift 72
	'&'  shift 73
	tEQ  shift 74
	tNE  shift 75
	tGE  shift 76
	tLE  shift 77
	'>'  shift 78
	'<'  shift 79
	'+'  shift 80
	'-'  shift 81
	'*'  shift 82
	'/'  shift 83
	'%'  shift 84
	'['  shift 85
	.  error


state 174
	sweep : tSWEEP '+' '(' lval . ':' expr ':' expr ')' inst  (43)
	sweep : tSWEEP '+' '(' lval . ':' expr ':' expr ':' expr ')' inst  (44)
	expr : lval . '?'  (67)
	expr : lval . '=' expr  (71)
	expr : lval .  (74)

	'='  shift 86
	'?'  shift 87
	':'  shift 178
	'|'  reduce 74
	'&'  reduce 74
	tEQ  reduce 74
	tNE  reduce 74
	tGE  reduce 74
	tLE  reduce 74
	'>'  reduce 74
	'<'  reduce 74
	'+'  reduce 74
	'-'  reduce 74
	'*'  reduce 74
	'/'  reduce 74
	'%'  reduce 74
	'['  reduce 74


state 175
	sweep : tSWEEP '-' '(' lval . ':' expr ':' expr ')' inst  (45)
	sweep : tSWEEP '-' '(' lval . ':' expr ':' expr ':' expr ')' inst  (46)
	expr : lval . '?'  (67)
	expr : lval . '=' expr  (71)
	expr : lval .  (74)

	'='  shift 86
	'?'  shift 87
	':'  shift 179
	'|'  reduce 74
	'&'  reduce 74
	tEQ  reduce 74
	tNE  reduce 74
	tGE  reduce 74
	tLE  reduce 74
	'>'  reduce 74
	'<'  reduce 74
	'+'  reduce 74
	'-'  reduce 74
	'*'  reduce 74
	'/'  reduce 74
	'%'  reduce 74
	'['  reduce 74


state 176
	inst : tWHILE '(' expr ')' inst .  (35)

	.  reduce 35


state 177
	inst : tIF '(' expr ')' inst .  (36)
	inst : tIF '(' expr ')' inst . elsif  (37)

	tELSIF  shift 180
	tELSE  shift 181
	tINTEGER  reduce 36
	tIDENTIFIER  reduce 36
	tSTRING  reduce 36
	tREAL  reduce 36
	tWHILE  reduce 36
	tIF  reduce 36
	tSWEEP  reduce 36
	tNEXT  reduce 36
	tNULL  reduce 36
	tSTOP  reduce 36
	tRETURN  reduce 36
	tREAD  reduce 36
	'~'  reduce 36
	'+'  reduce 36
	'-'  reduce 36
	'['  reduce 36
	'('  reduce 36
	'{'  reduce 36
	'}'  reduce 36

	elsif  goto 182


state 178
	sweep : tSWEEP '+' '(' lval ':' . expr ':' expr ')' inst  (43)
	sweep : tSWEEP '+' '(' lval ':' . expr ':' expr ':' expr ')' inst  (44)

	tINTEGER  shift 40
	tIDENTIFIER  shift 41
	tSTRING  shift 42
	tREAL  shift 43
	tNULL  shift 44
	tREAD  shift 45
	'~'  shift 46
	'+'  shift 47
	'-'  shift 48
	'['  shift 49
	'('  shift 50
	.  error

	strings  goto 51
	expr  goto 183
	literal  goto 53
	funcall  goto 54
	lval  goto 55


state 179
	sweep : tSWEEP '-' '(' lval ':' . expr ':' expr ')' inst  (45)
	sweep : tSWEEP '-' '(' lval ':' . expr ':' expr ':' expr ')' inst  (46)

	tINTEGER  shift 40
	tIDENTIFIER  shift 41
	tSTRING  shift 42
	tREAL  shift 43
	tNULL  shift 44
	tREAD  shift 45
	'~'  shift 46
	'+'  shift 47
	'-'  shift 48
	'['  shift 49
	'('  shift 50
	.  error

	strings  goto 51
	expr  goto 184
	literal  goto 53
	funcall  goto 54
	lval  goto 55


state 180
	elsif : tELSIF . '(' expr ')' inst elsif  (47)
	elsif : tELSIF . '(' expr ')' inst  (48)

	'('  shift 185
	.  error


state 181
	elsif : tELSE . inst  (49)

	tINTEGER  shift 40
	tIDENTIFIER  shift 41
	tSTRING  shift 42
	tREAL  shift 43
	tWHILE  shift 118
	tIF  shift 119
	tSWEEP  shift 122
	tNEXT  shift 123
	tNULL  shift 44
	tSTOP  shift 124
	tRETURN  shift 125
	tREAD  shift 45
	'~'  shift 46
	'+'  shift 47
	'-'  shift 48
	'['  shift 49
	'('  shift 50
	'{'  shift 90
	.  error

	strings  goto 51
	inst  goto 186
	sweep  goto 130
	expr  goto 133
	literal  goto 53
	funcall  goto 54
	lval  goto 55
	block  goto 135


state 182
	inst : tIF '(' expr ')' inst elsif .  (37)

	.  reduce 37


state 183
	sweep : tSWEEP '+' '(' lval ':' expr . ':' expr ')' inst  (43)
	sweep : tSWEEP '+' '(' lval ':' expr . ':' expr ':' expr ')' inst  (44)
	expr : expr . '+' expr  (52)
	expr : expr . '-' expr  (53)
	expr : expr . '*' expr  (54)
	expr : expr . '/' expr  (55)
	expr : expr . '%' expr  (56)
	expr : expr . '<' expr  (57)
	expr : expr . '>' expr  (58)
	expr : expr . tGE expr  (59)
	expr : expr . tLE expr  (60)
	expr : expr . tNE expr  (61)
	expr : expr . tEQ expr  (62)
	expr : expr . '&' expr  (69)
	expr : expr . '|' expr  (70)
	lval : expr . '[' expr ']'  (83)

	'|'  shift 72
	'&'  shift 73
	tEQ  shift 74
	tNE  shift 75
	tGE  shift 76
	tLE  shift 77
	'>'  shift 78
	'<'  shift 79
	'+'  shift 80
	'-'  shift 81
	'*'  shift 82
	'/'  shift 83
	'%'  shift 84
	'['  shift 85
	':'  shift 187
	.  error


state 184
	sweep : tSWEEP '-' '(' lval ':' expr . ':' expr ')' inst  (45)
	sweep : tSWEEP '-' '(' lval ':' expr . ':' expr ':' expr ')' inst  (46)
	expr : expr . '+' expr  (52)
	expr : expr . '-' expr  (53)
	expr : expr . '*' expr  (54)
	expr : expr . '/' expr  (55)
	expr : expr . '%' expr  (56)
	expr : expr . '<' expr  (57)
	expr : expr . '>' expr  (58)
	expr : expr . tGE expr  (59)
	expr : expr . tLE expr  (60)
	expr : expr . tNE expr  (61)
	expr : expr . tEQ expr  (62)
	expr : expr . '&' expr  (69)
	expr : expr . '|' expr  (70)
	lval : expr . '[' expr ']'  (83)

	'|'  shift 72
	'&'  shift 73
	tEQ  shift 74
	tNE  shift 75
	tGE  shift 76
	tLE  shift 77
	'>'  shift 78
	'<'  shift 79
	'+'  shift 80
	'-'  shift 81
	'*'  shift 82
	'/'  shift 83
	'%'  shift 84
	'['  shift 85
	':'  shift 188
	.  error


state 185
	elsif : tELSIF '(' . expr ')' inst elsif  (47)
	elsif : tELSIF '(' . expr ')' inst  (48)

	tINTEGER  shift 40
	tIDENTIFIER  shift 41
	tSTRING  shift 42
	tREAL  shift 43
	tNULL  shift 44
	tREAD  shift 45
	'~'  shift 46
	'+'  shift 47
	'-'  shift 48
	'['  shift 49
	'('  shift 50
	.  error

	strings  goto 51
	expr  goto 189
	literal  goto 53
	funcall  goto 54
	lval  goto 55


state 186
	elsif : tELSE inst .  (49)

	.  reduce 49


state 187
	sweep : tSWEEP '+' '(' lval ':' expr ':' . expr ')' inst  (43)
	sweep : tSWEEP '+' '(' lval ':' expr ':' . expr ':' expr ')' inst  (44)

	tINTEGER  shift 40
	tIDENTIFIER  shift 41
	tSTRING  shift 42
	tREAL  shift 43
	tNULL  shift 44
	tREAD  shift 45
	'~'  shift 46
	'+'  shift 47
	'-'  shift 48
	'['  shift 49
	'('  shift 50
	.  error

	strings  goto 51
	expr  goto 190
	literal  goto 53
	funcall  goto 54
	lval  goto 55


state 188
	sweep : tSWEEP '-' '(' lval ':' expr ':' . expr ')' inst  (45)
	sweep : tSWEEP '-' '(' lval ':' expr ':' . expr ':' expr ')' inst  (46)

	tINTEGER  shift 40
	tIDENTIFIER  shift 41
	tSTRING  shift 42
	tREAL  shift 43
	tNULL  shift 44
	tREAD  shift 45
	'~'  shift 46
	'+'  shift 47
	'-'  shift 48
	'['  shift 49
	'('  shift 50
	.  error

	strings  goto 51
	expr  goto 191
	literal  goto 53
	funcall  goto 54
	lval  goto 55


state 189
	elsif : tELSIF '(' expr . ')' inst elsif  (47)
	elsif : tELSIF '(' expr . ')' inst  (48)
	expr : expr . '+' expr  (52)
	expr : expr . '-' expr  (53)
	expr : expr . '*' expr  (54)
	expr : expr . '/' expr  (55)
	expr : expr . '%' expr  (56)
	expr : expr . '<' expr  (57)
	expr : expr . '>' expr  (58)
	expr : expr . tGE expr  (59)
	expr : expr . tLE expr  (60)
	expr : expr . tNE expr  (61)
	expr : expr . tEQ expr  (62)
	expr : expr . '&' expr  (69)
	expr : expr . '|' expr  (70)
	lval : expr . '[' expr ']'  (83)

	'|'  shift 72
	'&'  shift 73
	tEQ  shift 74
	tNE  shift 75
	tGE  shift 76
	tLE  shift 77
	'>'  shift 78
	'<'  shift 79
	'+'  shift 80
	'-'  shift 81
	'*'  shift 82
	'/'  shift 83
	'%'  shift 84
	'['  shift 85
	')'  shift 192
	.  error


state 190
	sweep : tSWEEP '+' '(' lval ':' expr ':' expr . ')' inst  (43)
	sweep : tSWEEP '+' '(' lval ':' expr ':' expr . ':' expr ')' inst  (44)
	expr : expr . '+' expr  (52)
	expr : expr . '-' expr  (53)
	expr : expr . '*' expr  (54)
	expr : expr . '/' expr  (55)
	expr : expr . '%' expr  (56)
	expr : expr . '<' expr  (57)
	expr : expr . '>' expr  (58)
	expr : expr . tGE expr  (59)
	expr : expr . tLE expr  (60)
	expr : expr . tNE expr  (61)
	expr : expr . tEQ expr  (62)
	expr : expr . '&' expr  (69)
	expr : expr . '|' expr  (70)
	lval : expr . '[' expr ']'  (83)

	'|'  shift 72
	'&'  shift 73
	tEQ  shift 74
	tNE  shift 75
	tGE  shift 76
	tLE  shift 77
	'>'  shift 78
	'<'  shift 79
	'+'  shift 80
	'-'  shift 81
	'*'  shift 82
	'/'  shift 83
	'%'  shift 84
	'['  shift 85
	')'  shift 193
	':'  shift 194
	.  error


state 191
	sweep : tSWEEP '-' '(' lval ':' expr ':' expr . ')' inst  (45)
	sweep : tSWEEP '-' '(' lval ':' expr ':' expr . ':' expr ')' inst  (46)
	expr : expr . '+' expr  (52)
	expr : expr . '-' expr  (53)
	expr : expr . '*' expr  (54)
	expr : expr . '/' expr  (55)
	expr : expr . '%' expr  (56)
	expr : expr . '<' expr  (57)
	expr : expr . '>' expr  (58)
	expr : expr . tGE expr  (59)
	expr : expr . tLE expr  (60)
	expr : expr . tNE expr  (61)
	expr : expr . tEQ expr  (62)
	expr : expr . '&' expr  (69)
	expr : expr . '|' expr  (70)
	lval : expr . '[' expr ']'  (83)

	'|'  shift 72
	'&'  shift 73
	tEQ  shift 74
	tNE  shift 75
	tGE  shift 76
	tLE  shift 77
	'>'  shift 78
	'<'  shift 79
	'+'  shift 80
	'-'  shift 81
	'*'  shift 82
	'/'  shift 83
	'%'  shift 84
	'['  shift 85
	')'  shift 195
	':'  shift 196
	.  error


state 192
	elsif : tELSIF '(' expr ')' . inst elsif  (47)
	elsif : tELSIF '(' expr ')' . inst  (48)

	tINTEGER  shift 40
	tIDENTIFIER  shift 41
	tSTRING  shift 42
	tREAL  shift 43
	tWHILE  shift 118
	tIF  shift 119
	tSWEEP  shift 122
	tNEXT  shift 123
	tNULL  shift 44
	tSTOP  shift 124
	tRETURN  shift 125
	tREAD  shift 45
	'~'  shift 46
	'+'  shift 47
	'-'  shift 48
	'['  shift 49
	'('  shift 50
	'{'  shift 90
	.  error

	strings  goto 51
	inst  goto 197
	sweep  goto 130
	expr  goto 133
	literal  goto 53
	funcall  goto 54
	lval  goto 55
	block  goto 135


state 193
	sweep : tSWEEP '+' '(' lval ':' expr ':' expr ')' . inst  (43)

	tINTEGER  shift 40
	tIDENTIFIER  shift 41
	tSTRING  shift 42
	tREAL  shift 43
	tWHILE  shift 118
	tIF  shift 119
	tSWEEP  shift 122
	tNEXT  shift 123
	tNULL  shift 44
	tSTOP  shift 124
	tRETURN  shift 125
	tREAD  shift 45
	'~'  shift 46
	'+'  shift 47
	'-'  shift 48
	'['  shift 49
	'('  shift 50
	'{'  shift 90
	.  error

	strings  goto 51
	inst  goto 198
	sweep  goto 130
	expr  goto 133
	literal  goto 53
	funcall  goto 54
	lval  goto 55
	block  goto 135


state 194
	sweep : tSWEEP '+' '(' lval ':' expr ':' expr ':' . expr ')' inst  (44)

	tINTEGER  shift 40
	tIDENTIFIER  shift 41
	tSTRING  shift 42
	tREAL  shift 43
	tNULL  shift 44
	tREAD  shift 45
	'~'  shift 46
	'+'  shift 47
	'-'  shift 48
	'['  shift 49
	'('  shift 50
	.  error

	strings  goto 51
	expr  goto 199
	literal  goto 53
	funcall  goto 54
	lval  goto 55


state 195
	sweep : tSWEEP '-' '(' lval ':' expr ':' expr ')' . inst  (45)

	tINTEGER  shift 40
	tIDENTIFIER  shift 41
	tSTRING  shift 42
	tREAL  shift 43
	tWHILE  shift 118
	tIF  shift 119
	tSWEEP  shift 122
	tNEXT  shift 123
	tNULL  shift 44
	tSTOP  shift 124
	tRETURN  shift 125
	tREAD  shift 45
	'~'  shift 46
	'+'  shift 47
	'-'  shift 48
	'['  shift 49
	'('  shift 50
	'{'  shift 90
	.  error

	strings  goto 51
	inst  goto 200
	sweep  goto 130
	expr  goto 133
	literal  goto 53
	funcall  goto 54
	lval  goto 55
	block  goto 135


state 196
	sweep : tSWEEP '-' '(' lval ':' expr ':' expr ':' . expr ')' inst  (46)

	tINTEGER  shift 40
	tIDENTIFIER  shift 41
	tSTRING  shift 42
	tREAL  shift 43
	tNULL  shift 44
	tREAD  shift 45
	'~'  shift 46
	'+'  shift 47
	'-'  shift 48
	'['  shift 49
	'('  shift 50
	.  error

	strings  goto 51
	expr  goto 201
	literal  goto 53
	funcall  goto 54
	lval  goto 55


state 197
	elsif : tELSIF '(' expr ')' inst . elsif  (47)
	elsif : tELSIF '(' expr ')' inst .  (48)

	tELSIF  shift 180
	tELSE  shift 181
	tINTEGER  reduce 48
	tIDENTIFIER  reduce 48
	tSTRING  reduce 48
	tREAL  reduce 48
	tWHILE  reduce 48
	tIF  reduce 48
	tSWEEP  reduce 48
	tNEXT  reduce 48
	tNULL  reduce 48
	tSTOP  reduce 48
	tRETURN  reduce 48
	tREAD  reduce 48
	'~'  reduce 48
	'+'  reduce 48
	'-'  reduce 48
	'['  reduce 48
	'('  reduce 48
	'{'  reduce 48
	'}'  reduce 48

	elsif  goto 202


state 198
	sweep : tSWEEP '+' '(' lval ':' expr ':' expr ')' inst .  (43)

	.  reduce 43


state 199
	sweep : tSWEEP '+' '(' lval ':' expr ':' expr ':' expr . ')' inst  (44)
	expr : expr . '+' expr  (52)
	expr : expr . '-' expr  (53)
	expr : expr . '*' expr  (54)
	expr : expr . '/' expr  (55)
	expr : expr . '%' expr  (56)
	expr : expr . '<' expr  (57)
	expr : expr . '>' expr  (58)
	expr : expr . tGE expr  (59)
	expr : expr . tLE expr  (60)
	expr : expr . tNE expr  (61)
	expr : expr . tEQ expr  (62)
	expr : expr . '&' expr  (69)
	expr : expr . '|' expr  (70)
	lval : expr . '[' expr ']'  (83)

	'|'  shift 72
	'&'  shift 73
	tEQ  shift 74
	tNE  shift 75
	tGE  shift 76
	tLE  shift 77
	'>'  shift 78
	'<'  shift 79
	'+'  shift 80
	'-'  shift 81
	'*'  shift 82
	'/'  shift 83
	'%'  shift 84
	'['  shift 85
	')'  shift 203
	.  error


state 200
	sweep : tSWEEP '-' '(' lval ':' expr ':' expr ')' inst .  (45)

	.  reduce 45


state 201
	sweep : tSWEEP '-' '(' lval ':' expr ':' expr ':' expr . ')' inst  (46)
	expr : expr . '+' expr  (52)
	expr : expr . '-' expr  (53)
	expr : expr . '*' expr  (54)
	expr : expr . '/' expr  (55)
	expr : expr . '%' expr  (56)
	expr : expr . '<' expr  (57)
	expr : expr . '>' expr  (58)
	expr : expr . tGE expr  (59)
	expr : expr . tLE expr  (60)
	expr : expr . tNE expr  (61)
	expr : expr . tEQ expr  (62)
	expr : expr . '&' expr  (69)
	expr : expr . '|' expr  (70)
	lval : expr . '[' expr ']'  (83)

	'|'  shift 72
	'&'  shift 73
	tEQ  shift 74
	tNE  shift 75
	tGE  shift 76
	tLE  shift 77
	'>'  shift 78
	'<'  shift 79
	'+'  shift 80
	'-'  shift 81
	'*'  shift 82
	'/'  shift 83
	'%'  shift 84
	'['  shift 85
	')'  shift 204
	.  error


state 202
	elsif : tELSIF '(' expr ')' inst elsif .  (47)

	.  reduce 47


state 203
	sweep : tSWEEP '+' '(' lval ':' expr ':' expr ':' expr ')' . inst  (44)

	tINTEGER  shift 40
	tIDENTIFIER  shift 41
	tSTRING  shift 42
	tREAL  shift 43
	tWHILE  shift 118
	tIF  shift 119
	tSWEEP  shift 122
	tNEXT  shift 123
	tNULL  shift 44
	tSTOP  shift 124
	tRETURN  shift 125
	tREAD  shift 45
	'~'  shift 46
	'+'  shift 47
	'-'  shift 48
	'['  shift 49
	'('  shift 50
	'{'  shift 90
	.  error

	strings  goto 51
	inst  goto 205
	sweep  goto 130
	expr  goto 133
	literal  goto 53
	funcall  goto 54
	lval  goto 55
	block  goto 135


state 204
	sweep : tSWEEP '-' '(' lval ':' expr ':' expr ':' expr ')' . inst  (46)

	tINTEGER  shift 40
	tIDENTIFIER  shift 41
	tSTRING  shift 42
	tREAL  shift 43
	tWHILE  shift 118
	tIF  shift 119
	tSWEEP  shift 122
	tNEXT  shift 123
	tNULL  shift 44
	tSTOP  shift 124
	tRETURN  shift 125
	tREAD  shift 45
	'~'  shift 46
	'+'  shift 47
	'-'  shift 48
	'['  shift 49
	'('  shift 50
	'{'  shift 90
	.  error

	strings  goto 51
	inst  goto 206
	sweep  goto 130
	expr  goto 133
	literal  goto 53
	funcall  goto 54
	lval  goto 55
	block  goto 135


state 205
	sweep : tSWEEP '+' '(' lval ':' expr ':' expr ':' expr ')' inst .  (44)

	.  reduce 44


state 206
	sweep : tSWEEP '-' '(' lval ':' expr ':' expr ':' expr ')' inst .  (46)

	.  reduce 46


51 terminals, 22 nonterminals
95 grammar rules, 207 states
